<?xml version="1.0" encoding="UTF-8"?>
<robot generator="Robot 7.0.1 (Python 3.12.5 on win32)" generated="2024-09-02T20:44:29.070246" rpa="false" schemaversion="5">
<suite id="s1" name="Search" source="C:\Users\HP\PycharmProjects\pythonProject1\Flipkart_Search\Search.robot">
<test id="s1-t1" name="To automate the Flipkart Search page" line="9">
<kw name="Open Browser" owner="SeleniumLibrary">
<msg time="2024-09-02T20:44:29.288181" level="INFO">Opening browser 'Chrome' to base url 'https://www.flipkart.com/'.</msg>
<arg>https://www.flipkart.com/</arg>
<arg>Chrome</arg>
<doc>Opens a new browser instance to the optional ``url``.</doc>
<status status="PASS" start="2024-09-02T20:44:29.288181" elapsed="17.052512"/>
</kw>
<kw name="Maximize Browser Window" owner="SeleniumLibrary">
<doc>Maximizes current browser window.</doc>
<status status="PASS" start="2024-09-02T20:44:46.340693" elapsed="0.079045"/>
</kw>
<kw name="Input Text" owner="SeleniumLibrary">
<msg time="2024-09-02T20:44:46.420736" level="INFO">Typing text 'Laptop' into text field 'name:q'.</msg>
<arg>name:q</arg>
<arg>Laptop</arg>
<doc>Types the given ``text`` into the text field identified by ``locator``.</doc>
<status status="PASS" start="2024-09-02T20:44:46.419738" elapsed="0.231158"/>
</kw>
<kw name="Click Button" owner="SeleniumLibrary">
<msg time="2024-09-02T20:44:46.652015" level="INFO">Clicking button '//button[@type='submit']'.</msg>
<arg>//button[@type='submit']</arg>
<doc>Clicks the button identified by ``locator``.</doc>
<status status="PASS" start="2024-09-02T20:44:46.652015" elapsed="15.705816"/>
</kw>
<kw name="Capture Page Screenshot" owner="SeleniumLibrary">
<msg time="2024-09-02T20:45:02.516735" level="INFO" html="true">&lt;/td&gt;&lt;/tr&gt;&lt;tr&gt;&lt;td colspan="3"&gt;&lt;a href="page.png"&gt;&lt;img src="page.png" width="800px"&gt;&lt;/a&gt;</msg>
<arg>page.png</arg>
<doc>Takes a screenshot of the current page and embeds it into a log file.</doc>
<status status="PASS" start="2024-09-02T20:45:02.357831" elapsed="0.158904"/>
</kw>
<status status="PASS" start="2024-09-02T20:44:29.286181" elapsed="33.230554"/>
</test>
<status status="PASS" start="2024-09-02T20:44:29.072597" elapsed="33.445703"/>
</suite>
<statistics>
<total>
<stat pass="1" fail="0" skip="0">All Tests</stat>
</total>
<tag>
</tag>
<suite>
<stat pass="1" fail="0" skip="0" id="s1" name="Search">Search</stat>
</suite>
</statistics>
<errors>
</errors>
</robot>
